TN:
SF:app.js
FN:23,(anonymous_0)
FNF:1
FNH:1
FNDA:1,(anonymous_0)
DA:1,2
DA:2,2
DA:4,2
DA:5,2
DA:6,2
DA:8,2
DA:11,2
DA:12,0
DA:16,2
DA:18,2
DA:19,2
DA:20,2
DA:23,2
DA:24,1
DA:25,1
DA:28,2
LF:16
LH:15
BRDA:11,0,0,0
BRDA:11,0,1,2
BRF:2
BRH:1
end_of_record
TN:
SF:api/controllers/contacts.controller.js
FN:3,(anonymous_0)
FN:11,(anonymous_1)
FN:42,(anonymous_2)
FN:50,(anonymous_3)
FN:58,(anonymous_4)
FNF:5
FNH:0
FNDA:0,(anonymous_0)
FNDA:0,(anonymous_1)
FNDA:0,(anonymous_2)
FNDA:0,(anonymous_3)
FNDA:0,(anonymous_4)
DA:1,2
DA:3,2
DA:4,0
DA:5,0
DA:7,0
DA:11,2
DA:12,0
DA:13,0
DA:36,0
DA:38,0
DA:42,2
DA:43,0
DA:44,0
DA:46,0
DA:50,2
DA:51,0
DA:52,0
DA:54,0
DA:58,2
DA:59,0
DA:60,0
DA:62,0
LF:22
LH:6
BRF:0
BRH:0
end_of_record
TN:
SF:api/controllers/tokens.controller.js
FN:10,(anonymous_0)
FN:48,(anonymous_1)
FN:64,(anonymous_2)
FN:81,(anonymous_3)
FN:88,(anonymous_4)
FNF:5
FNH:5
FNDA:5,(anonymous_0)
FNDA:3,(anonymous_1)
FNDA:1,(anonymous_2)
FNDA:3,(anonymous_3)
FNDA:2,(anonymous_4)
DA:1,2
DA:8,2
DA:10,2
DA:11,5
DA:13,5
DA:14,5
DA:16,5
DA:17,1
DA:22,4
DA:23,4
DA:25,4
DA:26,1
DA:31,3
DA:32,3
DA:34,3
DA:38,3
DA:44,0
DA:48,2
DA:49,3
DA:51,3
DA:52,1
DA:55,2
DA:56,2
DA:60,2
DA:61,1
DA:64,1
DA:65,1
DA:66,0
DA:70,1
DA:71,1
DA:77,0
DA:81,2
DA:82,3
DA:84,3
DA:85,1
DA:88,2
DA:89,2
DA:90,1
DA:94,2
DA:95,2
DA:96,2
DA:98,1
LF:42
LH:39
BRDA:16,0,0,1
BRDA:16,0,1,4
BRDA:25,1,0,1
BRDA:25,1,1,3
BRDA:51,2,0,1
BRDA:51,2,1,2
BRDA:60,3,0,1
BRDA:60,3,1,1
BRDA:65,4,0,0
BRDA:65,4,1,1
BRDA:84,5,0,1
BRDA:84,5,1,2
BRDA:89,6,0,1
BRDA:89,6,1,1
BRF:14
BRH:13
end_of_record
TN:
SF:api/controllers/users.controller.js
FN:5,(anonymous_0)
FN:14,(anonymous_1)
FN:68,(anonymous_2)
FN:80,(anonymous_3)
FN:91,(anonymous_4)
FN:102,(anonymous_5)
FNF:6
FNH:5
FNDA:1,(anonymous_0)
FNDA:3,(anonymous_1)
FNDA:1,(anonymous_2)
FNDA:0,(anonymous_3)
FNDA:1,(anonymous_4)
FNDA:2,(anonymous_5)
DA:1,2
DA:2,2
DA:3,2
DA:5,2
DA:6,1
DA:7,1
DA:8,1
DA:10,0
DA:14,2
DA:15,3
DA:17,3
DA:18,1
DA:23,2
DA:24,2
DA:26,2
DA:27,1
DA:32,1
DA:34,1
DA:41,1
DA:53,1
DA:54,0
DA:56,0
DA:61,0
DA:64,0
DA:68,2
DA:70,1
DA:71,1
DA:72,1
DA:73,1
DA:74,1
DA:76,0
DA:80,2
DA:84,0
DA:85,0
DA:87,0
DA:91,2
DA:93,1
DA:94,1
DA:95,1
DA:96,1
DA:98,0
DA:102,2
DA:103,2
DA:105,2
DA:106,2
DA:110,2
DA:111,1
DA:116,1
DA:121,1
DA:123,1
DA:125,0
LF:51
LH:40
BRDA:17,0,0,1
BRDA:17,0,1,2
BRDA:26,1,0,1
BRDA:26,1,1,1
BRDA:53,2,0,0
BRDA:53,2,1,1
BRDA:110,3,0,1
BRDA:110,3,1,1
BRF:8
BRH:7
end_of_record
TN:
SF:api/db/models/contact.js
FN:3,(anonymous_0)
FN:6,(anonymous_1)
FNF:2
FNH:2
FNDA:2,(anonymous_0)
FNDA:2,(anonymous_1)
DA:2,2
DA:3,2
DA:10,2
DA:75,2
LF:4
LH:4
BRF:0
BRH:0
end_of_record
TN:
SF:api/db/models/index.js
FN:24,(anonymous_0)
FN:31,(anonymous_1)
FN:39,(anonymous_2)
FNF:3
FNH:3
FNDA:10,(anonymous_0)
FNDA:8,(anonymous_1)
FNDA:8,(anonymous_2)
DA:3,2
DA:4,2
DA:5,2
DA:6,2
DA:7,2
DA:8,2
DA:9,2
DA:12,2
DA:13,0
DA:15,2
DA:23,2
DA:25,10
DA:32,8
DA:36,8
DA:39,2
DA:40,8
DA:41,8
DA:45,2
DA:46,2
DA:48,2
LF:20
LH:19
BRDA:7,0,0,2
BRDA:7,0,1,0
BRDA:12,1,0,0
BRDA:12,1,1,2
BRDA:26,2,0,10
BRDA:26,2,1,10
BRDA:26,2,2,8
BRDA:40,3,0,8
BRDA:40,3,1,0
BRF:9
BRH:6
end_of_record
TN:
SF:api/db/models/token.js
FN:3,(anonymous_0)
FN:6,(anonymous_1)
FNF:2
FNH:2
FNDA:2,(anonymous_0)
FNDA:2,(anonymous_1)
DA:2,2
DA:3,2
DA:10,2
DA:31,2
LF:4
LH:4
BRF:0
BRH:0
end_of_record
TN:
SF:api/db/models/user.js
FN:3,(anonymous_0)
FN:6,(anonymous_1)
FNF:2
FNH:2
FNDA:2,(anonymous_0)
FNDA:2,(anonymous_1)
DA:2,2
DA:3,2
DA:10,2
DA:53,2
LF:4
LH:4
BRF:0
BRH:0
end_of_record
TN:
SF:api/db/models/verification-code.js
FN:3,(anonymous_0)
FN:6,(anonymous_1)
FNF:2
FNH:2
FNDA:2,(anonymous_0)
FNDA:2,(anonymous_1)
DA:2,2
DA:3,2
DA:10,2
DA:30,2
LF:4
LH:4
BRF:0
BRH:0
end_of_record
TN:
SF:api/middleware/auth.js
FN:3,requireAuth
FN:13,(anonymous_1)
FN:22,checkRole
FN:23,(anonymous_3)
FNF:4
FNH:4
FNDA:4,requireAuth
FNDA:3,(anonymous_1)
FNDA:2,checkRole
FNDA:2,(anonymous_3)
DA:1,2
DA:4,4
DA:7,4
DA:9,4
DA:10,1
DA:13,3
DA:14,3
DA:15,1
DA:17,2
DA:18,2
DA:23,2
DA:24,2
DA:25,1
DA:27,1
DA:31,2
LF:15
LH:15
BRDA:7,0,0,4
BRDA:7,0,1,3
BRDA:9,1,0,1
BRDA:9,1,1,3
BRDA:14,2,0,1
BRDA:14,2,1,2
BRDA:24,3,0,1
BRDA:24,3,1,1
BRF:8
BRH:8
end_of_record
TN:
SF:api/middleware/require-fields.js
FN:1,requireFields
FN:2,(anonymous_1)
FN:5,(anonymous_2)
FNF:3
FNH:3
FNDA:6,requireFields
FNDA:15,(anonymous_1)
FNDA:54,(anonymous_2)
DA:2,6
DA:3,15
DA:5,15
DA:6,54
DA:7,7
DA:11,15
DA:12,7
DA:17,8
DA:21,2
LF:9
LH:9
BRDA:6,0,0,7
BRDA:6,0,1,47
BRDA:11,1,0,7
BRDA:11,1,1,8
BRF:4
BRH:4
end_of_record
TN:
SF:api/routers/contacts.router.js
FNF:0
FNH:0
DA:1,2
DA:2,2
DA:3,2
DA:5,2
DA:6,2
DA:7,2
DA:8,2
DA:9,2
DA:11,2
LF:9
LH:9
BRF:0
BRH:0
end_of_record
TN:
SF:api/routers/tokens.router.js
FNF:0
FNH:0
DA:1,2
DA:2,2
DA:3,2
DA:5,2
DA:6,2
DA:7,2
DA:9,2
LF:7
LH:7
BRF:0
BRH:0
end_of_record
TN:
SF:api/routers/users.router.js
FNF:0
FNH:0
DA:1,2
DA:2,2
DA:3,2
DA:4,2
DA:6,2
DA:8,2
DA:20,2
DA:21,2
DA:22,2
DA:23,2
DA:25,2
LF:11
LH:11
BRF:0
BRH:0
end_of_record
TN:
SF:api/services/email.js
FN:15,(anonymous_0)
FN:29,sendVerificationEmail
FNF:2
FNH:0
FNDA:0,(anonymous_0)
FNDA:0,sendVerificationEmail
DA:1,2
DA:5,2
DA:6,0
DA:15,2
DA:16,0
DA:17,0
DA:30,0
DA:37,0
DA:38,0
DA:41,2
LF:10
LH:4
BRDA:5,0,0,0
BRDA:5,0,1,2
BRDA:16,1,0,0
BRDA:16,1,1,0
BRF:4
BRH:1
end_of_record
TN:
SF:api/services/cryptography/index.js
FN:5,generateHexCode
FN:9,hashPassword
FN:15,validatePassword
FN:20,generateAccessToken
FN:26,validateAccessToken
FN:30,generateRefreshToken
FN:34,validateRefreshToken
FNF:7
FNH:6
FNDA:0,generateHexCode
FNDA:1,hashPassword
FNDA:4,validatePassword
FNDA:4,generateAccessToken
FNDA:3,validateAccessToken
FNDA:3,generateRefreshToken
FNDA:3,validateRefreshToken
DA:1,2
DA:2,2
DA:3,2
DA:6,0
DA:10,1
DA:11,1
DA:12,1
DA:16,4
DA:17,4
DA:21,4
DA:27,3
DA:31,3
DA:35,3
DA:38,2
LF:14
LH:13
BRF:0
BRH:0
end_of_record
TN:
SF:config/sequelize.js
FNF:0
FNH:0
DA:1,2
DA:5,2
DA:8,2
LF:3
LH:3
BRDA:1,0,0,2
BRDA:1,0,1,0
BRDA:2,1,0,2
BRDA:2,1,1,0
BRF:4
BRH:2
end_of_record
